TN:
SF:src/client.ts
FN:28,isTokenCredential
FN:41,isCredential
FN:47,isLocalhost
FN:52,getStreamContent
FN:63,handleFailedRequest
FN:73,splitURL
FN:78,isUint8Array
FN:83,<instance_members_initializer>
FN:93,AIChatProtocolClient
FN:111,prepareRequest
FN:169,getCompletion
FN:189,getStreamedCompletion
FNF:12
FNH:12
FNDA:21,isTokenCredential
FNDA:21,isCredential
FNDA:21,isLocalhost
FNDA:1,getStreamContent
FNDA:3,handleFailedRequest
FNDA:21,splitURL
FNDA:5,isUint8Array
FNDA:21,<instance_members_initializer>
FNDA:21,AIChatProtocolClient
FNDA:15,prepareRequest
FNDA:11,getCompletion
FNDA:4,getStreamedCompletion
DA:1,1
DA:2,1
DA:3,1
DA:4,1
DA:5,1
DA:6,1
DA:7,1
DA:8,1
DA:9,1
DA:10,1
DA:11,1
DA:12,1
DA:13,1
DA:14,1
DA:15,1
DA:16,1
DA:17,1
DA:18,1
DA:19,1
DA:20,1
DA:21,1
DA:22,1
DA:23,1
DA:24,1
DA:25,1
DA:26,1
DA:27,1
DA:28,21
DA:29,21
DA:30,21
DA:31,21
DA:32,21
DA:33,21
DA:34,21
DA:35,2
DA:36,1
DA:37,0
DA:38,21
DA:39,21
DA:40,1
DA:41,21
DA:42,21
DA:43,21
DA:44,21
DA:45,21
DA:46,1
DA:47,21
DA:48,21
DA:49,21
DA:50,21
DA:51,1
DA:52,1
DA:53,1
DA:54,1
DA:55,1
DA:56,1
DA:57,1
DA:58,1
DA:59,0
DA:60,0
DA:61,1
DA:62,1
DA:63,3
DA:64,3
DA:65,2
DA:66,2
DA:67,1
DA:68,1
DA:69,1
DA:70,1
DA:71,1
DA:72,1
DA:73,21
DA:74,21
DA:75,21
DA:76,21
DA:77,1
DA:78,5
DA:79,5
DA:80,5
DA:81,1
DA:82,1
DA:83,1
DA:84,21
DA:85,21
DA:86,1
DA:87,1
DA:88,1
DA:89,1
DA:90,1
DA:91,1
DA:92,1
DA:93,1
DA:94,21
DA:95,21
DA:96,21
DA:97,21
DA:98,21
DA:99,21
DA:100,21
DA:101,21
DA:102,21
DA:103,21
DA:104,21
DA:105,2
DA:106,21
DA:107,19
DA:108,19
DA:109,21
DA:110,1
DA:111,1
DA:112,15
DA:113,15
DA:114,15
DA:115,15
DA:116,15
DA:117,3
DA:118,3
DA:119,5
DA:120,4
DA:121,5
DA:122,5
DA:123,5
DA:124,5
DA:125,5
DA:126,5
DA:127,5
DA:128,0
DA:129,4
DA:130,4
DA:131,1
DA:132,3
DA:133,3
DA:134,3
DA:135,3
DA:136,3
DA:137,3
DA:138,3
DA:139,3
DA:140,3
DA:141,3
DA:142,5
DA:143,5
DA:144,3
DA:145,3
DA:146,3
DA:147,3
DA:148,3
DA:149,3
DA:150,3
DA:151,15
DA:152,12
DA:153,12
DA:154,12
DA:155,12
DA:156,12
DA:157,12
DA:158,12
DA:159,15
DA:160,15
DA:161,1
DA:162,1
DA:163,1
DA:164,1
DA:165,1
DA:166,1
DA:167,1
DA:168,1
DA:169,1
DA:170,11
DA:171,11
DA:172,11
DA:173,11
DA:174,11
DA:175,10
DA:176,11
DA:177,2
DA:178,2
DA:179,8
DA:180,11
DA:181,1
DA:182,1
DA:183,1
DA:184,1
DA:185,1
DA:186,1
DA:187,1
DA:188,1
DA:189,1
DA:190,4
DA:191,4
DA:192,4
DA:193,4
DA:194,4
DA:195,4
DA:196,4
DA:197,4
DA:198,1
DA:199,1
DA:200,1
DA:201,3
DA:202,3
DA:203,4
DA:204,1
LF:204
LH:200
BRDA:28,0,0,21
BRDA:34,1,0,2
BRDA:35,2,0,1
BRDA:36,3,0,0
BRDA:41,4,0,21
BRDA:44,5,0,20
BRDA:47,6,0,21
BRDA:49,7,0,3
BRDA:52,8,0,1
BRDA:58,9,0,0
BRDA:63,10,0,3
BRDA:64,11,0,2
BRDA:66,12,0,1
BRDA:73,13,0,21
BRDA:78,14,0,5
BRDA:83,15,0,21
BRDA:93,16,0,21
BRDA:104,17,0,2
BRDA:106,18,0,19
BRDA:111,19,0,15
BRDA:116,20,0,3
BRDA:151,21,0,12
BRDA:116,22,0,14
BRDA:116,23,0,3
BRDA:118,24,0,5
BRDA:119,25,0,4
BRDA:130,26,0,1
BRDA:120,27,0,5
BRDA:127,28,0,0
BRDA:141,29,0,5
BRDA:149,30,0,6
BRDA:169,31,0,11
BRDA:174,32,0,10
BRDA:176,33,0,2
BRDA:178,34,0,8
BRDA:189,35,0,4
BRDA:197,36,0,1
BRDA:200,37,0,3
BRF:38
BRH:35
end_of_record
TN:
SF:src/model/index.ts
FN:1,(empty-report)
FNF:1
FNH:0
FNDA:0,(empty-report)
DA:1,0
DA:2,0
DA:3,0
DA:4,0
DA:5,0
DA:6,0
DA:7,0
DA:8,0
DA:9,0
DA:10,0
DA:11,0
DA:12,0
DA:13,0
DA:14,0
DA:15,0
DA:16,0
LF:16
LH:0
BRDA:1,0,0,0
BRF:1
BRH:0
end_of_record
TN:
SF:src/util/error.ts
FN:6,isErrorResponse
FNF:1
FNH:1
FNDA:17,isErrorResponse
DA:1,1
DA:2,1
DA:3,1
DA:4,1
DA:5,1
DA:6,1
DA:7,17
DA:8,17
DA:9,17
DA:10,17
DA:11,17
DA:12,17
LF:12
LH:12
BRDA:6,0,0,17
BRF:1
BRH:1
end_of_record
TN:
SF:src/util/jsonl.ts
FN:6,makeAsyncIterable
FN:27,toLines
FN:75,map
FN:84,getAsyncIterable
FNF:4
FNH:4
FNDA:7,makeAsyncIterable
FNDA:7,toLines
FNDA:7,map
FNDA:7,getAsyncIterable
DA:1,1
DA:2,1
DA:3,1
DA:4,1
DA:5,1
DA:6,7
DA:7,7
DA:8,7
DA:9,7
DA:10,7
DA:11,7
DA:12,20
DA:13,20
DA:14,4
DA:15,4
DA:16,16
DA:17,13
DA:18,7
DA:19,7
DA:20,7
DA:21,7
DA:22,7
DA:23,7
DA:24,7
DA:25,7
DA:26,1
DA:27,7
DA:28,7
DA:29,7
DA:30,7
DA:31,7
DA:32,7
DA:33,7
DA:34,7
DA:35,7
DA:36,7
DA:37,7
DA:38,16
DA:39,8
DA:40,8
DA:41,8
DA:42,8
DA:43,8
DA:44,16
DA:45,16
DA:46,16
DA:47,28
DA:48,227
DA:49,227
DA:50,28
DA:51,8
DA:52,8
DA:53,28
DA:54,4
DA:55,4
DA:56,4
DA:57,4
DA:58,28
DA:59,16
DA:60,14
DA:61,11
DA:62,13
DA:63,13
DA:64,17
DA:65,17
DA:66,16
DA:67,8
DA:68,8
DA:69,16
DA:70,5
DA:71,5
DA:72,16
DA:73,4
DA:74,1
DA:75,7
DA:76,7
DA:77,7
DA:78,7
DA:79,7
DA:80,18
DA:81,15
DA:82,4
DA:83,1
DA:84,1
DA:85,7
DA:86,7
DA:87,7
DA:88,18
DA:89,18
DA:90,2
DA:91,2
DA:92,15
DA:93,7
DA:94,7
LF:94
LH:94
BRDA:6,0,0,7
BRDA:8,1,0,7
BRDA:11,2,0,20
BRDA:13,3,0,4
BRDA:15,4,0,16
BRDA:16,5,0,13
BRDA:27,6,0,7
BRDA:37,7,0,16
BRDA:38,8,0,8
BRDA:46,9,0,28
BRDA:47,10,0,247
BRDA:47,11,0,227
BRDA:50,12,0,8
BRDA:52,13,0,20
BRDA:53,14,0,4
BRDA:58,15,0,16
BRDA:59,16,0,14
BRDA:60,17,0,11
BRDA:61,18,0,13
BRDA:63,19,0,17
BRDA:65,20,0,13
BRDA:66,21,0,8
BRDA:69,22,0,5
BRDA:72,23,0,4
BRDA:30,24,0,7
BRDA:75,25,0,7
BRDA:79,26,0,18
BRDA:80,27,0,15
BRDA:81,28,0,4
BRDA:84,29,0,7
BRDA:87,30,0,18
BRDA:89,31,0,2
BRDA:91,32,0,15
BRF:33
BRH:33
end_of_record
TN:
SF:src/util/stream.ts
FN:12,asStream
FNF:1
FNH:1
FNDA:3,asStream
DA:1,1
DA:2,1
DA:3,1
DA:4,1
DA:5,1
DA:6,1
DA:7,1
DA:8,1
DA:9,1
DA:10,1
DA:11,1
DA:12,1
DA:13,3
DA:14,3
DA:15,3
DA:16,2
DA:17,2
DA:18,2
DA:19,2
DA:20,3
DA:21,3
LF:21
LH:21
BRDA:12,0,0,3
BRDA:15,1,0,2
BRF:2
BRH:2
end_of_record
TN:
SF:src/util/url.ts
FN:4,toAbsoluteUrl
FNF:1
FNH:1
FNDA:6,toAbsoluteUrl
DA:1,1
DA:2,1
DA:3,1
DA:4,1
DA:5,6
DA:6,6
LF:6
LH:6
BRDA:4,0,0,6
BRF:1
BRH:1
end_of_record
